#
# There is insufficient memory for the Java Runtime Environment to continue.
# Native memory allocation (mmap) failed to map 132120576 bytes for G1 virtual space
# Possible reasons:
#   The system is out of physical RAM or swap space
#   The process is running with CompressedOops enabled, and the Java Heap may be blocking the growth of the native heap
# Possible solutions:
#   Reduce memory load on the system
#   Increase physical memory or swap space
#   Check if swap backing store is full
#   Decrease Java heap size (-Xmx/-Xms)
#   Decrease number of Java threads
#   Decrease Java thread stack sizes (-Xss)
#   Set larger code cache with -XX:ReservedCodeCacheSize=
#   JVM is running with Unscaled Compressed Oops mode in which the Java heap is
#     placed in the first 4GB address space. The Java Heap base address is the
#     maximum limit for the native heap growth. Please use -XX:HeapBaseMinAddress
#     to set the Java Heap base and to place the Java Heap above 4GB virtual address.
# This output file may be truncated or incomplete.
#
#  Out of Memory Error (os_windows.cpp:3613), pid=29732, tid=14200
#
# JRE version:  (17.0.9+9) (build )
# Java VM: OpenJDK 64-Bit Server VM (17.0.9+9, mixed mode, sharing, tiered, compressed oops, compressed class ptrs, g1 gc, windows-amd64)
# No core dump will be written. Minidumps are not enabled by default on client versions of Windows
#

---------------  S U M M A R Y ------------

Command Line: -Dfile.encoding=UTF-8 -Dstdout.encoding=UTF-8 -Dstderr.encoding=UTF-8 -XX:+ShowCodeDetailsInExceptionMessages com.coderscampus.Assignment2Application

Host: 11th Gen Intel(R) Core(TM) i5-1155G7 @ 2.50GHz, 8 cores, 7G,  Windows 11 , 64 bit Build 22621 (10.0.22621.2506)
Time: Sun Jan 14 03:45:03 2024 Eastern Standard Time elapsed time: 0.014555 seconds (0d 0h 0m 0s)

---------------  T H R E A D  ---------------

Current thread (0x000002dc8ce11860):  JavaThread "Unknown thread" [_thread_in_vm, id=14200, stack(0x000000e78c700000,0x000000e78c800000)]

Stack: [0x000000e78c700000,0x000000e78c800000]
Native frames: (J=compiled Java code, j=interpreted, Vv=VM code, C=native code)
V  [jvm.dll+0x67cf49]
V  [jvm.dll+0x83478a]
V  [jvm.dll+0x83624e]
V  [jvm.dll+0x8368b3]
V  [jvm.dll+0x247f1f]
V  [jvm.dll+0x679d69]
V  [jvm.dll+0x66e6ba]
V  [jvm.dll+0x307e5b]
V  [jvm.dll+0x30f306]
V  [jvm.dll+0x35f0ce]
V  [jvm.dll+0x35f2ff]
V  [jvm.dll+0x2dea58]
V  [jvm.dll+0x2df9c4]
V  [jvm.dll+0x806031]
V  [jvm.dll+0x36cf31]
V  [jvm.dll+0x7e4aac]
V  [jvm.dll+0x3f07af]
V  [jvm.dll+0x3f23e1]
C  [jli.dll+0x528f]
C  [ucrtbase.dll+0x29363]
C  [KERNEL32.DLL+0x1257d]
C  [ntdll.dll+0x5aa58]


---------------  P R O C E S S  ---------------

Threads class SMR info:
_java_thread_list=0x00007ff876daee98, length=0, elements={
}

Java Threads: ( => current thread )

Other Threads:
  0x000002dc8ce6f2b0 GCTaskThread "GC Thread#0" [stack: 0x000000e78c800000,0x000000e78c900000] [id=30604]
  0x000002dc8ce801c0 ConcurrentGCThread "G1 Main Marker" [stack: 0x000000e78c900000,0x000000e78ca00000] [id=27416]
  0x000002dc8ce81380 ConcurrentGCThread "G1 Conc#0" [stack: 0x000000e78ca00000,0x000000e78cb00000] [id=27420]

[error occurred during error reporting (printing all threads), id 0xc0000005, EXCEPTION_ACCESS_VIOLATION (0xc0000005) at pc=0x00007ff87656f497]

VM state: not at safepoint (not fully initialized)

VM Mutex/Monitor currently owned by a thread:  ([mutex/lock_event])
[0x000002dc8ce0c750] Heap_lock - owner thread: 0x000002dc8ce11860

Heap address: 0x0000000083600000, size: 1994 MB, Compressed Oops mode: 32-bit

CDS archive(s) mapped at: [0x0000000000000000-0x0000000000000000-0x0000000000000000), size 0, SharedBaseAddress: 0x0000000800000000, ArchiveRelocationMode: 1.
Narrow klass base: 0x0000000000000000, Narrow klass shift: 0, Narrow klass range: 0x0

GC Precious Log:
<Empty>

Heap:
 garbage-first heap   total 0K, used 0K [0x0000000083600000, 0x0000000100000000)
  region size 1024K, 0 young (0K), 0 survivors (0K)

[error occurred during error reporting (printing heap information), id 0xc0000005, EXCEPTION_ACCESS_VIOLATION (0xc0000005) at pc=0x00007ff876956c79]

GC Heap History (0 events):
No events

Dll operation events (1 events):
Event: 0.011 Loaded shared library C:\Users\13862\.p2\pool\plugins\org.eclipse.justj.openjdk.hotspot.jre.full.win32.x86_64_17.0.9.v20231028-0858\jre\bin\java.dll

Deoptimization events (0 events):
No events

Classes unloaded (0 events):
No events

Classes redefined (0 events):
No events

Internal exceptions (0 events):
No events

VM Operations (0 events):
No events

Events (0 events):
No events


Dynamic libraries:
0x00007ff7dee10000 - 0x00007ff7dee1e000 	C:\Users\13862\.p2\pool\plugins\org.eclipse.justj.openjdk.hotspot.jre.full.win32.x86_64_17.0.9.v20231028-0858\jre\bin\javaw.exe
0x00007ff8e90d0000 - 0x00007ff8e92e7000 	C:\Windows\SYSTEM32\ntdll.dll
0x00007ff8e8500000 - 0x00007ff8e85c4000 	C:\Windows\System32\KERNEL32.DLL
0x00007ff8e6440000 - 0x00007ff8e67e6000 	C:\Windows\System32\KERNELBASE.dll
0x00007ff8e6b60000 - 0x00007ff8e6c71000 	C:\Windows\System32\ucrtbase.dll
0x00007ff8dc840000 - 0x00007ff8dc857000 	C:\Users\13862\.p2\pool\plugins\org.eclipse.justj.openjdk.hotspot.jre.full.win32.x86_64_17.0.9.v20231028-0858\jre\bin\jli.dll
0x00007ff8ca390000 - 0x00007ff8ca3ab000 	C:\Users\13862\.p2\pool\plugins\org.eclipse.justj.openjdk.hotspot.jre.full.win32.x86_64_17.0.9.v20231028-0858\jre\bin\VCRUNTIME140.dll
0x00007ff8e6e20000 - 0x00007ff8e6fce000 	C:\Windows\System32\USER32.dll
0x00007ff8e6a20000 - 0x00007ff8e6a46000 	C:\Windows\System32\win32u.dll
0x00007ff8cc390000 - 0x00007ff8cc623000 	C:\Windows\WinSxS\amd64_microsoft.windows.common-controls_6595b64144ccf1df_6.0.22621.2506_none_270c5ae97388e100\COMCTL32.dll
0x00007ff8e6fd0000 - 0x00007ff8e6ff9000 	C:\Windows\System32\GDI32.dll
0x00007ff8e7390000 - 0x00007ff8e7437000 	C:\Windows\System32\msvcrt.dll
0x00007ff8e6d00000 - 0x00007ff8e6e18000 	C:\Windows\System32\gdi32full.dll
0x00007ff8e6a50000 - 0x00007ff8e6aea000 	C:\Windows\System32\msvcp_win.dll
0x00007ff8e8f40000 - 0x00007ff8e8f71000 	C:\Windows\System32\IMM32.DLL
0x00007ff8cb780000 - 0x00007ff8cb78c000 	C:\Users\13862\.p2\pool\plugins\org.eclipse.justj.openjdk.hotspot.jre.full.win32.x86_64_17.0.9.v20231028-0858\jre\bin\vcruntime140_1.dll
0x00007ff8c8d90000 - 0x00007ff8c8e1d000 	C:\Users\13862\.p2\pool\plugins\org.eclipse.justj.openjdk.hotspot.jre.full.win32.x86_64_17.0.9.v20231028-0858\jre\bin\msvcp140.dll
0x00007ff876280000 - 0x00007ff876ee1000 	C:\Users\13862\.p2\pool\plugins\org.eclipse.justj.openjdk.hotspot.jre.full.win32.x86_64_17.0.9.v20231028-0858\jre\bin\server\jvm.dll
0x00007ff8e82e0000 - 0x00007ff8e8391000 	C:\Windows\System32\ADVAPI32.dll
0x00007ff8e8f80000 - 0x00007ff8e9025000 	C:\Windows\System32\sechost.dll
0x00007ff8e76c0000 - 0x00007ff8e77d7000 	C:\Windows\System32\RPCRT4.dll
0x00007ff8e5250000 - 0x00007ff8e529d000 	C:\Windows\SYSTEM32\POWRPROF.dll
0x00007ff8e15a0000 - 0x00007ff8e15a9000 	C:\Windows\SYSTEM32\WSOCK32.dll
0x00007ff8dd2f0000 - 0x00007ff8dd324000 	C:\Windows\SYSTEM32\WINMM.dll
0x00007ff8e8850000 - 0x00007ff8e88c1000 	C:\Windows\System32\WS2_32.dll
0x00007ff8de3b0000 - 0x00007ff8de3ba000 	C:\Windows\SYSTEM32\VERSION.dll
0x00007ff8e5230000 - 0x00007ff8e5243000 	C:\Windows\SYSTEM32\UMPDC.dll
0x00007ff8e5500000 - 0x00007ff8e5518000 	C:\Windows\SYSTEM32\kernel.appcore.dll
0x00007ff8da960000 - 0x00007ff8da96a000 	C:\Users\13862\.p2\pool\plugins\org.eclipse.justj.openjdk.hotspot.jre.full.win32.x86_64_17.0.9.v20231028-0858\jre\bin\jimage.dll
0x00007ff8e3720000 - 0x00007ff8e3953000 	C:\Windows\SYSTEM32\DBGHELP.DLL
0x00007ff8e7000000 - 0x00007ff8e7389000 	C:\Windows\System32\combase.dll
0x00007ff8e8670000 - 0x00007ff8e8747000 	C:\Windows\System32\OLEAUT32.dll
0x00007ff8dbd20000 - 0x00007ff8dbd52000 	C:\Windows\SYSTEM32\dbgcore.DLL
0x00007ff8e6c80000 - 0x00007ff8e6cfa000 	C:\Windows\System32\bcryptPrimitives.dll
0x00007ff8cbf10000 - 0x00007ff8cbf35000 	C:\Users\13862\.p2\pool\plugins\org.eclipse.justj.openjdk.hotspot.jre.full.win32.x86_64_17.0.9.v20231028-0858\jre\bin\java.dll

dbghelp: loaded successfully - version: 4.0.5 - missing functions: none
symbol engine: initialized successfully - sym options: 0x614 - pdb path: .;C:\Users\13862\.p2\pool\plugins\org.eclipse.justj.openjdk.hotspot.jre.full.win32.x86_64_17.0.9.v20231028-0858\jre\bin;C:\Windows\SYSTEM32;C:\Windows\WinSxS\amd64_microsoft.windows.common-controls_6595b64144ccf1df_6.0.22621.2506_none_270c5ae97388e100;C:\Users\13862\.p2\pool\plugins\org.eclipse.justj.openjdk.hotspot.jre.full.win32.x86_64_17.0.9.v20231028-0858\jre\bin\server

VM Arguments:
jvm_args: -Dfile.encoding=UTF-8 -Dstdout.encoding=UTF-8 -Dstderr.encoding=UTF-8 -XX:+ShowCodeDetailsInExceptionMessages 
java_command: com.coderscampus.Assignment2Application
java_class_path (initial): C:\Users\13862\git\faizal-assignment-2\bin
Launcher Type: SUN_STANDARD

[Global flags]
     intx CICompilerCount                          = 4                                         {product} {ergonomic}
     uint ConcGCThreads                            = 2                                         {product} {ergonomic}
     uint G1ConcRefinementThreads                  = 8                                         {product} {ergonomic}
   size_t G1HeapRegionSize                         = 1048576                                   {product} {ergonomic}
    uintx GCDrainStackTargetSize                   = 64                                        {product} {ergonomic}
   size_t InitialHeapSize                          = 132120576                                 {product} {ergonomic}
   size_t MarkStackSize                            = 4194304                                   {product} {ergonomic}
   size_t MaxHeapSize                              = 2090860544                                {product} {ergonomic}
   size_t MinHeapDeltaBytes                        = 1048576                                   {product} {ergonomic}
   size_t MinHeapSize                              = 8388608                                   {product} {ergonomic}
    uintx NonNMethodCodeHeapSize                   = 5839372                                {pd product} {ergonomic}
    uintx NonProfiledCodeHeapSize                  = 122909434                              {pd product} {ergonomic}
    uintx ProfiledCodeHeapSize                     = 122909434                              {pd product} {ergonomic}
    uintx ReservedCodeCacheSize                    = 251658240                              {pd product} {ergonomic}
     bool SegmentedCodeCache                       = true                                      {product} {ergonomic}
     bool ShowCodeDetailsInExceptionMessages       = true                                   {manageable} {command line}
   size_t SoftMaxHeapSize                          = 2090860544                             {manageable} {ergonomic}
     bool UseCompressedClassPointers               = true                           {product lp64_product} {ergonomic}
     bool UseCompressedOops                        = true                           {product lp64_product} {ergonomic}
     bool UseG1GC                                  = true                                      {product} {ergonomic}
     bool UseLargePagesIndividualAllocation        = false                                  {pd product} {ergonomic}

Logging:
Log output configuration:
 #0: stdout all=warning uptime,level,tags
 #1: stderr all=off uptime,level,tags

Environment Variables:
PATH=C:/Users/13862/.p2/pool/plugins/org.eclipse.justj.openjdk.hotspot.jre.full.win32.x86_64_17.0.9.v20231028-0858/jre/bin/server;C:/Users/13862/.p2/pool/plugins/org.eclipse.justj.openjdk.hotspot.jre.full.win32.x86_64_17.0.9.v20231028-0858/jre/bin;C:\Windows\system32;C:\Windows;C:\Windows\System32\Wbem;C:\Windows\System32\WindowsPowerShell\v1.0\;C:\Windows\System32\OpenSSH\;C:\Users\13862\AppData\Local\Microsoft\WindowsApps;C:\Users\13862\AppData\Local\Programs\Microsoft VS Code\bin;C:\Users\13862\AppData\Local\GitHubDesktop\bin;C:\Windows\System32;
USERNAME=Faizal
OS=Windows_NT
PROCESSOR_IDENTIFIER=Intel64 Family 6 Model 140 Stepping 2, GenuineIntel
TMP=C:\Users\13862\AppData\Local\Temp
TEMP=C:\Users\13862\AppData\Local\Temp



Periodic native trim disabled


---------------  S Y S T E M  ---------------

OS:
 Windows 11 , 64 bit Build 22621 (10.0.22621.2506)
OS uptime: 12 days 4:02 hours
Hyper-V role detected

CPU: total 8 (initial active 8) (4 cores per cpu, 2 threads per core) family 6 model 140 stepping 2 microcode 0x26, cx8, cmov, fxsr, ht, mmx, 3dnowpref, sse, sse2, sse3, ssse3, sse4.1, sse4.2, popcnt, lzcnt, tsc, tscinvbit, avx, avx2, aes, erms, clmul, bmi1, bmi2, adx, avx512f, avx512dq, avx512cd, avx512bw, avx512vl, sha, fma, vzeroupper, avx512_vpopcntdq, avx512_vpclmulqdq, avx512_vaes, avx512_vnni, clflush, clflushopt, clwb, avx512_vbmi2, avx512_vbmi, hv
Processor Information for all 8 processors :
  Max Mhz: 2496, Current Mhz: 2496, Mhz Limit: 2496

Memory: 4k page, system-wide physical 7975M (621M free)
TotalPageFile size 32551M (AvailPageFile size 53M)
current process WorkingSet (physical memory assigned to process): 11M, peak: 11M
current process commit charge ("private bytes"): 60M, peak: 186M

vm_info: OpenJDK 64-Bit Server VM (17.0.9+9) for windows-amd64 JRE (17.0.9+9), built on Oct 26 2023 14:01:42 by "admin" with MS VC++ 16.10 / 16.11 (VS2019)

END.
